<?xml version="1.0" encoding="utf-8"?>
<coverage line-rate="0.37329999999999997" branch-rate="0.19140000000000001" version="1.9" timestamp="1773669779" lines-covered="414" lines-valid="1109" branches-covered="36" branches-valid="188">
  <sources>
    <source>C:\Users\elkha\RiderProjects\portfolio project\services\connector-api\</source>
  </sources>
  <packages>
    <package name="connector-api" line-rate="0.37329999999999997" branch-rate="0.19140000000000001" complexity="334">
      <classes>
        <class name="Program/&lt;&lt;Main&gt;$&gt;d__0" filename="Program.cs" line-rate="0" branch-rate="1" complexity="1">
          <methods>
            <method name="MoveNext" signature="()" line-rate="0" branch-rate="1" complexity="1">
              <lines>
                <line number="12" hits="0" branch="False" />
                <line number="13" hits="0" branch="False" />
                <line number="14" hits="0" branch="False" />
                <line number="15" hits="0" branch="False" />
                <line number="16" hits="0" branch="False" />
                <line number="17" hits="0" branch="False" />
                <line number="18" hits="0" branch="False" />
                <line number="20" hits="0" branch="False" />
                <line number="21" hits="0" branch="False" />
                <line number="22" hits="0" branch="False" />
                <line number="23" hits="0" branch="False" />
                <line number="24" hits="0" branch="False" />
                <line number="25" hits="0" branch="False" />
                <line number="26" hits="0" branch="False" />
                <line number="27" hits="0" branch="False" />
                <line number="29" hits="0" branch="False" />
              </lines>
            </method>
          </methods>
          <lines>
            <line number="12" hits="0" branch="False" />
            <line number="13" hits="0" branch="False" />
            <line number="14" hits="0" branch="False" />
            <line number="15" hits="0" branch="False" />
            <line number="16" hits="0" branch="False" />
            <line number="17" hits="0" branch="False" />
            <line number="18" hits="0" branch="False" />
            <line number="20" hits="0" branch="False" />
            <line number="21" hits="0" branch="False" />
            <line number="22" hits="0" branch="False" />
            <line number="23" hits="0" branch="False" />
            <line number="24" hits="0" branch="False" />
            <line number="25" hits="0" branch="False" />
            <line number="26" hits="0" branch="False" />
            <line number="27" hits="0" branch="False" />
            <line number="29" hits="0" branch="False" />
          </lines>
        </class>
        <class name="ConnectorAPI.Services.AdminApiClient" filename="Services\AdminApiClient.cs" line-rate="0" branch-rate="1" complexity="1">
          <methods>
            <method name=".ctor" signature="(Dapr.Client.DaprClient,System.Diagnostics.ActivitySource,Microsoft.Extensions.Logging.ILogger`1&lt;ConnectorAPI.Services.AdminApiClient&gt;)" line-rate="0" branch-rate="1" complexity="1">
              <lines>
                <line number="8" hits="0" branch="False" />
              </lines>
            </method>
          </methods>
          <lines>
            <line number="8" hits="0" branch="False" />
          </lines>
        </class>
        <class name="ConnectorAPI.Services.AdminApiClient/&lt;SendCompanyCreatedAsync&gt;d__4" filename="Services\AdminApiClient.cs" line-rate="0" branch-rate="1" complexity="1">
          <methods>
            <method name="MoveNext" signature="()" line-rate="0" branch-rate="1" complexity="1">
              <lines>
                <line number="12" hits="0" branch="False" />
                <line number="13" hits="0" branch="False" />
                <line number="14" hits="0" branch="False" />
                <line number="15" hits="0" branch="False" />
                <line number="16" hits="0" branch="False" />
                <line number="17" hits="0" branch="False" />
                <line number="18" hits="0" branch="False" />
              </lines>
            </method>
          </methods>
          <lines>
            <line number="12" hits="0" branch="False" />
            <line number="13" hits="0" branch="False" />
            <line number="14" hits="0" branch="False" />
            <line number="15" hits="0" branch="False" />
            <line number="16" hits="0" branch="False" />
            <line number="17" hits="0" branch="False" />
            <line number="18" hits="0" branch="False" />
          </lines>
        </class>
        <class name="ConnectorAPI.Services.CompanyApiClient" filename="Services\CompanyApiClient.cs" line-rate="0" branch-rate="1" complexity="3">
          <methods>
            <method name="SendCompanyCreatedAsync" signature="(ConnectorAPI.Models.CompanyCreated.CompanyCreatedCompanyApiPayload,System.Threading.CancellationToken)" line-rate="0" branch-rate="1" complexity="1">
              <lines>
                <line number="13" hits="0" branch="False" />
                <line number="14" hits="0" branch="False" />
                <line number="15" hits="0" branch="False" />
                <line number="16" hits="0" branch="False" />
                <line number="17" hits="0" branch="False" />
                <line number="18" hits="0" branch="False" />
                <line number="19" hits="0" branch="False" />
                <line number="20" hits="0" branch="False" />
              </lines>
            </method>
            <method name="SendCompanyUpdatedAsync" signature="(System.Guid,ConnectorAPI.Models.CompanyUpdated.CompanyUpdatedCompanyApiPayload,System.Threading.CancellationToken)" line-rate="0" branch-rate="1" complexity="1">
              <lines>
                <line number="23" hits="0" branch="False" />
                <line number="24" hits="0" branch="False" />
                <line number="25" hits="0" branch="False" />
                <line number="26" hits="0" branch="False" />
                <line number="27" hits="0" branch="False" />
                <line number="28" hits="0" branch="False" />
                <line number="29" hits="0" branch="False" />
                <line number="30" hits="0" branch="False" />
              </lines>
            </method>
            <method name=".ctor" signature="(Dapr.Client.DaprClient,System.Diagnostics.ActivitySource,Microsoft.Extensions.Logging.ILogger`1&lt;ConnectorAPI.Services.CompanyApiClient&gt;)" line-rate="0" branch-rate="1" complexity="1">
              <lines>
                <line number="10" hits="0" branch="False" />
              </lines>
            </method>
          </methods>
          <lines>
            <line number="13" hits="0" branch="False" />
            <line number="14" hits="0" branch="False" />
            <line number="15" hits="0" branch="False" />
            <line number="16" hits="0" branch="False" />
            <line number="17" hits="0" branch="False" />
            <line number="18" hits="0" branch="False" />
            <line number="19" hits="0" branch="False" />
            <line number="20" hits="0" branch="False" />
            <line number="23" hits="0" branch="False" />
            <line number="24" hits="0" branch="False" />
            <line number="25" hits="0" branch="False" />
            <line number="26" hits="0" branch="False" />
            <line number="27" hits="0" branch="False" />
            <line number="28" hits="0" branch="False" />
            <line number="29" hits="0" branch="False" />
            <line number="30" hits="0" branch="False" />
            <line number="10" hits="0" branch="False" />
          </lines>
        </class>
        <class name="ConnectorAPI.Services.JobApiClient" filename="Services\JobApiClient.cs" line-rate="0" branch-rate="1" complexity="3">
          <methods>
            <method name="SendCompanyCreatedAsync" signature="(ConnectorAPI.Models.EventDto`1&lt;ConnectorAPI.Models.CompanyCreated.CompanyCreatedJobApiPayload&gt;,System.Threading.CancellationToken)" line-rate="0" branch-rate="1" complexity="1">
              <lines>
                <line number="17" hits="0" branch="False" />
                <line number="18" hits="0" branch="False" />
                <line number="19" hits="0" branch="False" />
                <line number="20" hits="0" branch="False" />
                <line number="21" hits="0" branch="False" />
                <line number="22" hits="0" branch="False" />
                <line number="23" hits="0" branch="False" />
              </lines>
            </method>
            <method name="SendCompanyUpdatedAsync" signature="(System.Guid,ConnectorAPI.Models.EventDto`1&lt;ConnectorAPI.Models.CompanyUpdated.CompanyUpdatedJobApiPayload&gt;,System.Threading.CancellationToken)" line-rate="0" branch-rate="1" complexity="1">
              <lines>
                <line number="36" hits="0" branch="False" />
                <line number="37" hits="0" branch="False" />
                <line number="38" hits="0" branch="False" />
                <line number="39" hits="0" branch="False" />
                <line number="40" hits="0" branch="False" />
                <line number="41" hits="0" branch="False" />
                <line number="42" hits="0" branch="False" />
              </lines>
            </method>
            <method name=".ctor" signature="(Dapr.Client.DaprClient,System.Diagnostics.ActivitySource,Microsoft.Extensions.Logging.ILogger`1&lt;ConnectorAPI.Services.JobApiClient&gt;)" line-rate="0" branch-rate="1" complexity="1">
              <lines>
                <line number="13" hits="0" branch="False" />
              </lines>
            </method>
          </methods>
          <lines>
            <line number="17" hits="0" branch="False" />
            <line number="18" hits="0" branch="False" />
            <line number="19" hits="0" branch="False" />
            <line number="20" hits="0" branch="False" />
            <line number="21" hits="0" branch="False" />
            <line number="22" hits="0" branch="False" />
            <line number="23" hits="0" branch="False" />
            <line number="36" hits="0" branch="False" />
            <line number="37" hits="0" branch="False" />
            <line number="38" hits="0" branch="False" />
            <line number="39" hits="0" branch="False" />
            <line number="40" hits="0" branch="False" />
            <line number="41" hits="0" branch="False" />
            <line number="42" hits="0" branch="False" />
            <line number="13" hits="0" branch="False" />
          </lines>
        </class>
        <class name="ConnectorAPI.Services.JobApiClient/&lt;DeleteDraftAsync&gt;d__9" filename="Services\JobApiClient.cs" line-rate="0" branch-rate="1" complexity="1">
          <methods>
            <method name="MoveNext" signature="()" line-rate="0" branch-rate="1" complexity="1">
              <lines>
                <line number="62" hits="0" branch="False" />
                <line number="63" hits="0" branch="False" />
                <line number="64" hits="0" branch="False" />
                <line number="65" hits="0" branch="False" />
                <line number="66" hits="0" branch="False" />
                <line number="67" hits="0" branch="False" />
                <line number="68" hits="0" branch="False" />
                <line number="69" hits="0" branch="False" />
              </lines>
            </method>
          </methods>
          <lines>
            <line number="62" hits="0" branch="False" />
            <line number="63" hits="0" branch="False" />
            <line number="64" hits="0" branch="False" />
            <line number="65" hits="0" branch="False" />
            <line number="66" hits="0" branch="False" />
            <line number="67" hits="0" branch="False" />
            <line number="68" hits="0" branch="False" />
            <line number="69" hits="0" branch="False" />
          </lines>
        </class>
        <class name="ConnectorAPI.Services.JobApiClient/&lt;GetDraftAsync&gt;d__10" filename="Services\JobApiClient.cs" line-rate="0" branch-rate="1" complexity="1">
          <methods>
            <method name="MoveNext" signature="()" line-rate="0" branch-rate="1" complexity="1">
              <lines>
                <line number="72" hits="0" branch="False" />
                <line number="73" hits="0" branch="False" />
                <line number="74" hits="0" branch="False" />
                <line number="75" hits="0" branch="False" />
                <line number="76" hits="0" branch="False" />
              </lines>
            </method>
          </methods>
          <lines>
            <line number="72" hits="0" branch="False" />
            <line number="73" hits="0" branch="False" />
            <line number="74" hits="0" branch="False" />
            <line number="75" hits="0" branch="False" />
            <line number="76" hits="0" branch="False" />
          </lines>
        </class>
        <class name="ConnectorAPI.Services.JobApiClient/&lt;ListDraftsAsync&gt;d__8" filename="Services\JobApiClient.cs" line-rate="0" branch-rate="1" complexity="1">
          <methods>
            <method name="MoveNext" signature="()" line-rate="0" branch-rate="1" complexity="1">
              <lines>
                <line number="55" hits="0" branch="False" />
                <line number="56" hits="0" branch="False" />
                <line number="57" hits="0" branch="False" />
                <line number="58" hits="0" branch="False" />
                <line number="59" hits="0" branch="False" />
              </lines>
            </method>
          </methods>
          <lines>
            <line number="55" hits="0" branch="False" />
            <line number="56" hits="0" branch="False" />
            <line number="57" hits="0" branch="False" />
            <line number="58" hits="0" branch="False" />
            <line number="59" hits="0" branch="False" />
          </lines>
        </class>
        <class name="ConnectorAPI.Services.JobApiClient/&lt;SaveDraftAsync&gt;d__7" filename="Services\JobApiClient.cs" line-rate="0" branch-rate="1" complexity="1">
          <methods>
            <method name="MoveNext" signature="()" line-rate="0" branch-rate="1" complexity="1">
              <lines>
                <line number="45" hits="0" branch="False" />
                <line number="46" hits="0" branch="False" />
                <line number="47" hits="0" branch="False" />
                <line number="48" hits="0" branch="False" />
                <line number="49" hits="0" branch="False" />
                <line number="50" hits="0" branch="False" />
                <line number="51" hits="0" branch="False" />
                <line number="52" hits="0" branch="False" />
              </lines>
            </method>
          </methods>
          <lines>
            <line number="45" hits="0" branch="False" />
            <line number="46" hits="0" branch="False" />
            <line number="47" hits="0" branch="False" />
            <line number="48" hits="0" branch="False" />
            <line number="49" hits="0" branch="False" />
            <line number="50" hits="0" branch="False" />
            <line number="51" hits="0" branch="False" />
            <line number="52" hits="0" branch="False" />
          </lines>
        </class>
        <class name="ConnectorAPI.Services.JobApiClient/&lt;SendJobCreatedAsync&gt;d__5" filename="Services\JobApiClient.cs" line-rate="0" branch-rate="1" complexity="1">
          <methods>
            <method name="MoveNext" signature="()" line-rate="0" branch-rate="1" complexity="1">
              <lines>
                <line number="26" hits="0" branch="False" />
                <line number="27" hits="0" branch="False" />
                <line number="28" hits="0" branch="False" />
                <line number="29" hits="0" branch="False" />
                <line number="30" hits="0" branch="False" />
                <line number="31" hits="0" branch="False" />
                <line number="32" hits="0" branch="False" />
                <line number="33" hits="0" branch="False" />
              </lines>
            </method>
          </methods>
          <lines>
            <line number="26" hits="0" branch="False" />
            <line number="27" hits="0" branch="False" />
            <line number="28" hits="0" branch="False" />
            <line number="29" hits="0" branch="False" />
            <line number="30" hits="0" branch="False" />
            <line number="31" hits="0" branch="False" />
            <line number="32" hits="0" branch="False" />
            <line number="33" hits="0" branch="False" />
          </lines>
        </class>
        <class name="ConnectorAPI.Services.MonolithOClient" filename="Services\MonolithClient.cs" line-rate="0" branch-rate="1" complexity="2">
          <methods>
            <method name=".ctor" signature="(System.Net.Http.HttpClient,System.Diagnostics.ActivitySource,Microsoft.Extensions.Logging.ILogger`1&lt;ConnectorAPI.Services.MonolithOClient&gt;)" line-rate="0" branch-rate="1" complexity="1">
              <lines>
                <line number="13" hits="0" branch="False" />
              </lines>
            </method>
            <method name=".cctor" signature="()" line-rate="0" branch-rate="1" complexity="1">
              <lines>
                <line number="15" hits="0" branch="False" />
                <line number="16" hits="0" branch="False" />
                <line number="17" hits="0" branch="False" />
                <line number="18" hits="0" branch="False" />
                <line number="19" hits="0" branch="False" />
              </lines>
            </method>
          </methods>
          <lines>
            <line number="13" hits="0" branch="False" />
            <line number="15" hits="0" branch="False" />
            <line number="16" hits="0" branch="False" />
            <line number="17" hits="0" branch="False" />
            <line number="18" hits="0" branch="False" />
            <line number="19" hits="0" branch="False" />
          </lines>
        </class>
        <class name="ConnectorAPI.Services.MonolithOClient/&lt;&gt;c" filename="Services\MonolithClient.cs" line-rate="0" branch-rate="1" complexity="3">
          <methods>
            <method name="&lt;GetCompanyAndAdminForCreatedEventAsync&gt;b__5_0" signature="(System.Collections.Generic.IDictionary`2&lt;System.String,System.String&gt;)" line-rate="0" branch-rate="1" complexity="1">
              <lines>
                <line number="33" hits="0" branch="False" />
                <line number="34" hits="0" branch="False" />
                <line number="35" hits="0" branch="False" />
              </lines>
            </method>
            <method name="&lt;GetCompanyAndAdminForCreatedEventAsync&gt;b__5_1" signature="(System.Collections.Generic.IDictionary`2&lt;System.String,System.String&gt;)" line-rate="0" branch-rate="1" complexity="1">
              <lines>
                <line number="38" hits="0" branch="False" />
                <line number="39" hits="0" branch="False" />
                <line number="40" hits="0" branch="False" />
              </lines>
            </method>
            <method name="&lt;GetCompanyForUpdatedEventAsync&gt;b__7_0" signature="(System.Collections.Generic.IDictionary`2&lt;System.String,System.String&gt;)" line-rate="0" branch-rate="1" complexity="1">
              <lines>
                <line number="85" hits="0" branch="False" />
                <line number="86" hits="0" branch="False" />
                <line number="87" hits="0" branch="False" />
              </lines>
            </method>
          </methods>
          <lines>
            <line number="33" hits="0" branch="False" />
            <line number="34" hits="0" branch="False" />
            <line number="35" hits="0" branch="False" />
            <line number="38" hits="0" branch="False" />
            <line number="39" hits="0" branch="False" />
            <line number="40" hits="0" branch="False" />
            <line number="85" hits="0" branch="False" />
            <line number="86" hits="0" branch="False" />
            <line number="87" hits="0" branch="False" />
          </lines>
        </class>
        <class name="ConnectorAPI.Services.MonolithOClient/&lt;ActivateCompanyAsync&gt;d__6" filename="Services\MonolithClient.cs" line-rate="0" branch-rate="0" complexity="2">
          <methods>
            <method name="MoveNext" signature="()" line-rate="0" branch-rate="0" complexity="2">
              <lines>
                <line number="55" hits="0" branch="False" />
                <line number="56" hits="0" branch="False" />
                <line number="57" hits="0" branch="True" condition-coverage="0% (0/2)">
                  <conditions>
                    <condition number="61" type="jump" coverage="0%" />
                  </conditions>
                </line>
                <line number="59" hits="0" branch="False" />
                <line number="60" hits="0" branch="False" />
                <line number="61" hits="0" branch="False" />
                <line number="62" hits="0" branch="False" />
                <line number="63" hits="0" branch="False" />
                <line number="64" hits="0" branch="False" />
                <line number="65" hits="0" branch="False" />
                <line number="66" hits="0" branch="False" />
                <line number="67" hits="0" branch="False" />
                <line number="68" hits="0" branch="False" />
                <line number="70" hits="0" branch="False" />
                <line number="72" hits="0" branch="False" />
                <line number="73" hits="0" branch="False" />
                <line number="74" hits="0" branch="False" />
              </lines>
            </method>
          </methods>
          <lines>
            <line number="55" hits="0" branch="False" />
            <line number="56" hits="0" branch="False" />
            <line number="57" hits="0" branch="True" condition-coverage="0% (0/2)">
              <conditions>
                <condition number="61" type="jump" coverage="0%" />
              </conditions>
            </line>
            <line number="59" hits="0" branch="False" />
            <line number="60" hits="0" branch="False" />
            <line number="61" hits="0" branch="False" />
            <line number="62" hits="0" branch="False" />
            <line number="63" hits="0" branch="False" />
            <line number="64" hits="0" branch="False" />
            <line number="65" hits="0" branch="False" />
            <line number="66" hits="0" branch="False" />
            <line number="67" hits="0" branch="False" />
            <line number="68" hits="0" branch="False" />
            <line number="70" hits="0" branch="False" />
            <line number="72" hits="0" branch="False" />
            <line number="73" hits="0" branch="False" />
            <line number="74" hits="0" branch="False" />
          </lines>
        </class>
        <class name="ConnectorAPI.Services.MonolithOClient/&lt;GetAsync&gt;d__8`1" filename="Services\MonolithClient.cs" line-rate="0" branch-rate="0" complexity="2">
          <methods>
            <method name="MoveNext" signature="()" line-rate="0" branch-rate="0" complexity="2">
              <lines>
                <line number="95" hits="0" branch="False" />
                <line number="96" hits="0" branch="False" />
                <line number="97" hits="0" branch="True" condition-coverage="0% (0/2)">
                  <conditions>
                    <condition number="76" type="jump" coverage="0%" />
                  </conditions>
                </line>
                <line number="98" hits="0" branch="False" />
                <line number="100" hits="0" branch="False" />
                <line number="101" hits="0" branch="False" />
                <line number="103" hits="0" branch="False" />
                <line number="104" hits="0" branch="False" />
              </lines>
            </method>
          </methods>
          <lines>
            <line number="95" hits="0" branch="False" />
            <line number="96" hits="0" branch="False" />
            <line number="97" hits="0" branch="True" condition-coverage="0% (0/2)">
              <conditions>
                <condition number="76" type="jump" coverage="0%" />
              </conditions>
            </line>
            <line number="98" hits="0" branch="False" />
            <line number="100" hits="0" branch="False" />
            <line number="101" hits="0" branch="False" />
            <line number="103" hits="0" branch="False" />
            <line number="104" hits="0" branch="False" />
          </lines>
        </class>
        <class name="ConnectorAPI.Services.MonolithOClient/&lt;GetCompanyAndAdminForCreatedEventAsync&gt;d__5" filename="Services\MonolithClient.cs" line-rate="0" branch-rate="0" complexity="4">
          <methods>
            <method name="MoveNext" signature="()" line-rate="0" branch-rate="0" complexity="4">
              <lines>
                <line number="27" hits="0" branch="False" />
                <line number="28" hits="0" branch="False" />
                <line number="29" hits="0" branch="True" condition-coverage="0% (0/2)">
                  <conditions>
                    <condition number="87" type="jump" coverage="0%" />
                  </conditions>
                </line>
                <line number="30" hits="0" branch="True" condition-coverage="0% (0/2)">
                  <conditions>
                    <condition number="127" type="jump" coverage="0%" />
                  </conditions>
                </line>
                <line number="32" hits="0" branch="False" />
                <line number="37" hits="0" branch="False" />
                <line number="42" hits="0" branch="False" />
                <line number="43" hits="0" branch="False" />
                <line number="45" hits="0" branch="False" />
                <line number="46" hits="0" branch="False" />
                <line number="48" hits="0" branch="False" />
                <line number="50" hits="0" branch="False" />
                <line number="51" hits="0" branch="False" />
              </lines>
            </method>
          </methods>
          <lines>
            <line number="27" hits="0" branch="False" />
            <line number="28" hits="0" branch="False" />
            <line number="29" hits="0" branch="True" condition-coverage="0% (0/2)">
              <conditions>
                <condition number="87" type="jump" coverage="0%" />
              </conditions>
            </line>
            <line number="30" hits="0" branch="True" condition-coverage="0% (0/2)">
              <conditions>
                <condition number="127" type="jump" coverage="0%" />
              </conditions>
            </line>
            <line number="32" hits="0" branch="False" />
            <line number="37" hits="0" branch="False" />
            <line number="42" hits="0" branch="False" />
            <line number="43" hits="0" branch="False" />
            <line number="45" hits="0" branch="False" />
            <line number="46" hits="0" branch="False" />
            <line number="48" hits="0" branch="False" />
            <line number="50" hits="0" branch="False" />
            <line number="51" hits="0" branch="False" />
          </lines>
        </class>
        <class name="ConnectorAPI.Services.MonolithOClient/&lt;GetCompanyForUpdatedEventAsync&gt;d__7" filename="Services\MonolithClient.cs" line-rate="0" branch-rate="0" complexity="2">
          <methods>
            <method name="MoveNext" signature="()" line-rate="0" branch-rate="0" complexity="2">
              <lines>
                <line number="80" hits="0" branch="False" />
                <line number="81" hits="0" branch="False" />
                <line number="82" hits="0" branch="True" condition-coverage="0% (0/2)">
                  <conditions>
                    <condition number="61" type="jump" coverage="0%" />
                  </conditions>
                </line>
                <line number="84" hits="0" branch="False" />
                <line number="89" hits="0" branch="False" />
                <line number="91" hits="0" branch="False" />
                <line number="92" hits="0" branch="False" />
              </lines>
            </method>
          </methods>
          <lines>
            <line number="80" hits="0" branch="False" />
            <line number="81" hits="0" branch="False" />
            <line number="82" hits="0" branch="True" condition-coverage="0% (0/2)">
              <conditions>
                <condition number="61" type="jump" coverage="0%" />
              </conditions>
            </line>
            <line number="84" hits="0" branch="False" />
            <line number="89" hits="0" branch="False" />
            <line number="91" hits="0" branch="False" />
            <line number="92" hits="0" branch="False" />
          </lines>
        </class>
        <class name="ConnectorAPI.Services.UserApiClient" filename="Services\UserApiClient.cs" line-rate="0" branch-rate="1" complexity="2">
          <methods>
            <method name="SendCompanyCreatedAsync" signature="(ConnectorAPI.Models.EventDto`1&lt;ConnectorAPI.Models.CompanyCreated.CompanyCreatedUserApiPayload&gt;,System.Threading.CancellationToken)" line-rate="0" branch-rate="1" complexity="1">
              <lines>
                <line number="13" hits="0" branch="False" />
                <line number="14" hits="0" branch="False" />
                <line number="15" hits="0" branch="False" />
                <line number="16" hits="0" branch="False" />
                <line number="17" hits="0" branch="False" />
                <line number="18" hits="0" branch="False" />
                <line number="19" hits="0" branch="False" />
              </lines>
            </method>
            <method name=".ctor" signature="(Dapr.Client.DaprClient,System.Diagnostics.ActivitySource,Microsoft.Extensions.Logging.ILogger`1&lt;ConnectorAPI.Services.UserApiClient&gt;)" line-rate="0" branch-rate="1" complexity="1">
              <lines>
                <line number="10" hits="0" branch="False" />
              </lines>
            </method>
          </methods>
          <lines>
            <line number="13" hits="0" branch="False" />
            <line number="14" hits="0" branch="False" />
            <line number="15" hits="0" branch="False" />
            <line number="16" hits="0" branch="False" />
            <line number="17" hits="0" branch="False" />
            <line number="18" hits="0" branch="False" />
            <line number="19" hits="0" branch="False" />
            <line number="10" hits="0" branch="False" />
          </lines>
        </class>
        <class name="ConnectorAPI.Sagas.CompanyProvisioningSaga" filename="Sagas\CompanyProvisioningSaga.cs" line-rate="1" branch-rate="1" complexity="1">
          <methods>
            <method name=".ctor" signature="(ConnectorAPI.Interfaces.Clients.IMonolithClient,ConnectorAPI.Interfaces.Clients.ICompanyApiClient,ConnectorAPI.Interfaces.Clients.IJobApiClient,ConnectorAPI.Interfaces.Clients.IUserApiClient,Microsoft.Extensions.Logging.ILogger`1&lt;ConnectorAPI.Sagas.CompanyProvisioningSaga&gt;,System.Diagnostics.ActivitySource)" line-rate="1" branch-rate="1" complexity="1">
              <lines>
                <line number="19" hits="12" branch="False" />
                <line number="20" hits="12" branch="False" />
                <line number="21" hits="12" branch="False" />
                <line number="22" hits="12" branch="False" />
                <line number="23" hits="12" branch="False" />
                <line number="24" hits="12" branch="False" />
                <line number="25" hits="12" branch="False" />
                <line number="26" hits="12" branch="False" />
                <line number="27" hits="12" branch="False" />
                <line number="28" hits="12" branch="False" />
                <line number="29" hits="12" branch="False" />
                <line number="30" hits="12" branch="False" />
                <line number="31" hits="12" branch="False" />
                <line number="32" hits="12" branch="False" />
              </lines>
            </method>
          </methods>
          <lines>
            <line number="19" hits="12" branch="False" />
            <line number="20" hits="12" branch="False" />
            <line number="21" hits="12" branch="False" />
            <line number="22" hits="12" branch="False" />
            <line number="23" hits="12" branch="False" />
            <line number="24" hits="12" branch="False" />
            <line number="25" hits="12" branch="False" />
            <line number="26" hits="12" branch="False" />
            <line number="27" hits="12" branch="False" />
            <line number="28" hits="12" branch="False" />
            <line number="29" hits="12" branch="False" />
            <line number="30" hits="12" branch="False" />
            <line number="31" hits="12" branch="False" />
            <line number="32" hits="12" branch="False" />
          </lines>
        </class>
        <class name="ConnectorAPI.Sagas.CompanyProvisioningSaga/&lt;HandleAsync&gt;d__7" filename="Sagas\CompanyProvisioningSaga.cs" line-rate="1" branch-rate="0.5" complexity="10">
          <methods>
            <method name="MoveNext" signature="()" line-rate="1" branch-rate="0.5" complexity="10">
              <lines>
                <line number="37" hits="12" branch="False" />
                <line number="38" hits="12" branch="False" />
                <line number="39" hits="12" branch="True" condition-coverage="50% (1/2)">
                  <conditions>
                    <condition number="60" type="jump" coverage="50%" />
                  </conditions>
                </line>
                <line number="40" hits="12" branch="True" condition-coverage="50% (1/2)">
                  <conditions>
                    <condition number="104" type="jump" coverage="50%" />
                  </conditions>
                </line>
                <line number="41" hits="12" branch="True" condition-coverage="50% (1/2)">
                  <conditions>
                    <condition number="148" type="jump" coverage="50%" />
                  </conditions>
                </line>
                <line number="44" hits="12" branch="False" />
                <line number="45" hits="12" branch="False" />
                <line number="46" hits="12" branch="False" />
                <line number="47" hits="12" branch="False" />
                <line number="52" hits="12" branch="False" />
                <line number="53" hits="12" branch="False" />
                <line number="54" hits="12" branch="False" />
                <line number="55" hits="12" branch="False" />
                <line number="56" hits="12" branch="False" />
                <line number="57" hits="12" branch="False" />
                <line number="58" hits="12" branch="False" />
                <line number="59" hits="12" branch="False" />
                <line number="61" hits="11" branch="False" />
                <line number="62" hits="11" branch="False" />
                <line number="63" hits="11" branch="False" />
                <line number="65" hits="11" branch="False" />
                <line number="68" hits="11" branch="False" />
                <line number="69" hits="11" branch="False" />
                <line number="70" hits="11" branch="False" />
                <line number="72" hits="11" branch="False" />
                <line number="73" hits="11" branch="False" />
                <line number="74" hits="11" branch="False" />
                <line number="75" hits="11" branch="False" />
                <line number="77" hits="9" branch="False" />
                <line number="78" hits="9" branch="False" />
                <line number="80" hits="9" branch="False" />
                <line number="82" hits="9" branch="False" />
                <line number="83" hits="9" branch="False" />
                <line number="84" hits="9" branch="False" />
                <line number="85" hits="9" branch="False" />
                <line number="86" hits="9" branch="False" />
                <line number="87" hits="9" branch="False" />
                <line number="88" hits="9" branch="False" />
                <line number="90" hits="8" branch="False" />
                <line number="91" hits="8" branch="False" />
                <line number="93" hits="8" branch="False" />
                <line number="94" hits="8" branch="False" />
                <line number="95" hits="8" branch="False" />
                <line number="96" hits="8" branch="False" />
                <line number="97" hits="4" branch="False" />
                <line number="98" hits="4" branch="False" />
                <line number="99" hits="4" branch="True" condition-coverage="50% (1/2)">
                  <conditions>
                    <condition number="1565" type="jump" coverage="50%" />
                  </conditions>
                </line>
                <line number="100" hits="4" branch="True" condition-coverage="50% (1/2)">
                  <conditions>
                    <condition number="1608" type="jump" coverage="50%" />
                  </conditions>
                </line>
                <line number="101" hits="4" branch="False" />
                <line number="102" hits="4" branch="False" />
                <line number="104" hits="8" branch="False" />
              </lines>
            </method>
          </methods>
          <lines>
            <line number="37" hits="12" branch="False" />
            <line number="38" hits="12" branch="False" />
            <line number="39" hits="12" branch="True" condition-coverage="50% (1/2)">
              <conditions>
                <condition number="60" type="jump" coverage="50%" />
              </conditions>
            </line>
            <line number="40" hits="12" branch="True" condition-coverage="50% (1/2)">
              <conditions>
                <condition number="104" type="jump" coverage="50%" />
              </conditions>
            </line>
            <line number="41" hits="12" branch="True" condition-coverage="50% (1/2)">
              <conditions>
                <condition number="148" type="jump" coverage="50%" />
              </conditions>
            </line>
            <line number="44" hits="12" branch="False" />
            <line number="45" hits="12" branch="False" />
            <line number="46" hits="12" branch="False" />
            <line number="47" hits="12" branch="False" />
            <line number="52" hits="12" branch="False" />
            <line number="53" hits="12" branch="False" />
            <line number="54" hits="12" branch="False" />
            <line number="55" hits="12" branch="False" />
            <line number="56" hits="12" branch="False" />
            <line number="57" hits="12" branch="False" />
            <line number="58" hits="12" branch="False" />
            <line number="59" hits="12" branch="False" />
            <line number="61" hits="11" branch="False" />
            <line number="62" hits="11" branch="False" />
            <line number="63" hits="11" branch="False" />
            <line number="65" hits="11" branch="False" />
            <line number="68" hits="11" branch="False" />
            <line number="69" hits="11" branch="False" />
            <line number="70" hits="11" branch="False" />
            <line number="72" hits="11" branch="False" />
            <line number="73" hits="11" branch="False" />
            <line number="74" hits="11" branch="False" />
            <line number="75" hits="11" branch="False" />
            <line number="77" hits="9" branch="False" />
            <line number="78" hits="9" branch="False" />
            <line number="80" hits="9" branch="False" />
            <line number="82" hits="9" branch="False" />
            <line number="83" hits="9" branch="False" />
            <line number="84" hits="9" branch="False" />
            <line number="85" hits="9" branch="False" />
            <line number="86" hits="9" branch="False" />
            <line number="87" hits="9" branch="False" />
            <line number="88" hits="9" branch="False" />
            <line number="90" hits="8" branch="False" />
            <line number="91" hits="8" branch="False" />
            <line number="93" hits="8" branch="False" />
            <line number="94" hits="8" branch="False" />
            <line number="95" hits="8" branch="False" />
            <line number="96" hits="8" branch="False" />
            <line number="97" hits="4" branch="False" />
            <line number="98" hits="4" branch="False" />
            <line number="99" hits="4" branch="True" condition-coverage="50% (1/2)">
              <conditions>
                <condition number="1565" type="jump" coverage="50%" />
              </conditions>
            </line>
            <line number="100" hits="4" branch="True" condition-coverage="50% (1/2)">
              <conditions>
                <condition number="1608" type="jump" coverage="50%" />
              </conditions>
            </line>
            <line number="101" hits="4" branch="False" />
            <line number="102" hits="4" branch="False" />
            <line number="104" hits="8" branch="False" />
          </lines>
        </class>
        <class name="ConnectorAPI.Sagas.DraftSyncSaga" filename="Sagas\DraftSyncSaga.cs" line-rate="1" branch-rate="1" complexity="1">
          <methods>
            <method name=".ctor" signature="(ConnectorAPI.Interfaces.Clients.IJobApiClient,Microsoft.Extensions.Logging.ILogger`1&lt;ConnectorAPI.Sagas.DraftSyncSaga&gt;,System.Diagnostics.ActivitySource)" line-rate="1" branch-rate="1" complexity="1">
              <lines>
                <line number="15" hits="4" branch="False" />
                <line number="16" hits="4" branch="False" />
                <line number="17" hits="4" branch="False" />
                <line number="18" hits="4" branch="False" />
                <line number="19" hits="4" branch="False" />
                <line number="20" hits="4" branch="False" />
                <line number="21" hits="4" branch="False" />
                <line number="22" hits="4" branch="False" />
                <line number="23" hits="4" branch="False" />
              </lines>
            </method>
          </methods>
          <lines>
            <line number="15" hits="4" branch="False" />
            <line number="16" hits="4" branch="False" />
            <line number="17" hits="4" branch="False" />
            <line number="18" hits="4" branch="False" />
            <line number="19" hits="4" branch="False" />
            <line number="20" hits="4" branch="False" />
            <line number="21" hits="4" branch="False" />
            <line number="22" hits="4" branch="False" />
            <line number="23" hits="4" branch="False" />
          </lines>
        </class>
        <class name="ConnectorAPI.Sagas.DraftSyncSaga/&lt;HandleDeleteAsync&gt;d__5" filename="Sagas\DraftSyncSaga.cs" line-rate="1" branch-rate="0.5" complexity="10">
          <methods>
            <method name="MoveNext" signature="()" line-rate="1" branch-rate="0.5" complexity="10">
              <lines>
                <line number="64" hits="2" branch="False" />
                <line number="65" hits="2" branch="False" />
                <line number="66" hits="2" branch="True" condition-coverage="50% (1/2)">
                  <conditions>
                    <condition number="58" type="jump" coverage="50%" />
                  </conditions>
                </line>
                <line number="67" hits="2" branch="True" condition-coverage="50% (1/2)">
                  <conditions>
                    <condition number="102" type="jump" coverage="50%" />
                  </conditions>
                </line>
                <line number="68" hits="2" branch="True" condition-coverage="50% (1/2)">
                  <conditions>
                    <condition number="146" type="jump" coverage="50%" />
                  </conditions>
                </line>
                <line number="71" hits="2" branch="False" />
                <line number="72" hits="2" branch="False" />
                <line number="73" hits="2" branch="False" />
                <line number="74" hits="2" branch="False" />
                <line number="76" hits="2" branch="False" />
                <line number="78" hits="1" branch="False" />
                <line number="79" hits="1" branch="False" />
                <line number="80" hits="1" branch="False" />
                <line number="81" hits="1" branch="False" />
                <line number="82" hits="1" branch="False" />
                <line number="83" hits="1" branch="False" />
                <line number="84" hits="1" branch="True" condition-coverage="50% (1/2)">
                  <conditions>
                    <condition number="450" type="jump" coverage="50%" />
                  </conditions>
                </line>
                <line number="85" hits="1" branch="True" condition-coverage="50% (1/2)">
                  <conditions>
                    <condition number="493" type="jump" coverage="50%" />
                  </conditions>
                </line>
                <line number="86" hits="1" branch="False" />
                <line number="87" hits="1" branch="False" />
                <line number="89" hits="1" branch="False" />
              </lines>
            </method>
          </methods>
          <lines>
            <line number="64" hits="2" branch="False" />
            <line number="65" hits="2" branch="False" />
            <line number="66" hits="2" branch="True" condition-coverage="50% (1/2)">
              <conditions>
                <condition number="58" type="jump" coverage="50%" />
              </conditions>
            </line>
            <line number="67" hits="2" branch="True" condition-coverage="50% (1/2)">
              <conditions>
                <condition number="102" type="jump" coverage="50%" />
              </conditions>
            </line>
            <line number="68" hits="2" branch="True" condition-coverage="50% (1/2)">
              <conditions>
                <condition number="146" type="jump" coverage="50%" />
              </conditions>
            </line>
            <line number="71" hits="2" branch="False" />
            <line number="72" hits="2" branch="False" />
            <line number="73" hits="2" branch="False" />
            <line number="74" hits="2" branch="False" />
            <line number="76" hits="2" branch="False" />
            <line number="78" hits="1" branch="False" />
            <line number="79" hits="1" branch="False" />
            <line number="80" hits="1" branch="False" />
            <line number="81" hits="1" branch="False" />
            <line number="82" hits="1" branch="False" />
            <line number="83" hits="1" branch="False" />
            <line number="84" hits="1" branch="True" condition-coverage="50% (1/2)">
              <conditions>
                <condition number="450" type="jump" coverage="50%" />
              </conditions>
            </line>
            <line number="85" hits="1" branch="True" condition-coverage="50% (1/2)">
              <conditions>
                <condition number="493" type="jump" coverage="50%" />
              </conditions>
            </line>
            <line number="86" hits="1" branch="False" />
            <line number="87" hits="1" branch="False" />
            <line number="89" hits="1" branch="False" />
          </lines>
        </class>
        <class name="ConnectorAPI.Sagas.DraftSyncSaga/&lt;HandleSaveAsync&gt;d__4" filename="Sagas\DraftSyncSaga.cs" line-rate="1" branch-rate="0.5" complexity="12">
          <methods>
            <method name="MoveNext" signature="()" line-rate="1" branch-rate="0.5" complexity="12">
              <lines>
                <line number="28" hits="2" branch="False" />
                <line number="29" hits="2" branch="False" />
                <line number="30" hits="2" branch="True" condition-coverage="50% (1/2)">
                  <conditions>
                    <condition number="58" type="jump" coverage="50%" />
                  </conditions>
                </line>
                <line number="31" hits="2" branch="True" condition-coverage="50% (1/2)">
                  <conditions>
                    <condition number="102" type="jump" coverage="50%" />
                  </conditions>
                </line>
                <line number="32" hits="2" branch="True" condition-coverage="50% (1/2)">
                  <conditions>
                    <condition number="146" type="jump" coverage="50%" />
                  </conditions>
                </line>
                <line number="35" hits="2" branch="False" />
                <line number="36" hits="2" branch="False" />
                <line number="37" hits="2" branch="False" />
                <line number="38" hits="2" branch="False" />
                <line number="40" hits="2" branch="False" />
                <line number="41" hits="2" branch="False" />
                <line number="42" hits="2" branch="False" />
                <line number="43" hits="2" branch="False" />
                <line number="44" hits="2" branch="True" condition-coverage="50% (1/2)">
                  <conditions>
                    <condition number="325" type="jump" coverage="50%" />
                  </conditions>
                </line>
                <line number="46" hits="2" branch="False" />
                <line number="48" hits="1" branch="False" />
                <line number="49" hits="1" branch="False" />
                <line number="50" hits="1" branch="False" />
                <line number="51" hits="1" branch="False" />
                <line number="52" hits="1" branch="False" />
                <line number="53" hits="1" branch="False" />
                <line number="54" hits="1" branch="True" condition-coverage="50% (1/2)">
                  <conditions>
                    <condition number="574" type="jump" coverage="50%" />
                  </conditions>
                </line>
                <line number="55" hits="1" branch="True" condition-coverage="50% (1/2)">
                  <conditions>
                    <condition number="617" type="jump" coverage="50%" />
                  </conditions>
                </line>
                <line number="56" hits="1" branch="False" />
                <line number="57" hits="1" branch="False" />
                <line number="59" hits="1" branch="False" />
              </lines>
            </method>
          </methods>
          <lines>
            <line number="28" hits="2" branch="False" />
            <line number="29" hits="2" branch="False" />
            <line number="30" hits="2" branch="True" condition-coverage="50% (1/2)">
              <conditions>
                <condition number="58" type="jump" coverage="50%" />
              </conditions>
            </line>
            <line number="31" hits="2" branch="True" condition-coverage="50% (1/2)">
              <conditions>
                <condition number="102" type="jump" coverage="50%" />
              </conditions>
            </line>
            <line number="32" hits="2" branch="True" condition-coverage="50% (1/2)">
              <conditions>
                <condition number="146" type="jump" coverage="50%" />
              </conditions>
            </line>
            <line number="35" hits="2" branch="False" />
            <line number="36" hits="2" branch="False" />
            <line number="37" hits="2" branch="False" />
            <line number="38" hits="2" branch="False" />
            <line number="40" hits="2" branch="False" />
            <line number="41" hits="2" branch="False" />
            <line number="42" hits="2" branch="False" />
            <line number="43" hits="2" branch="False" />
            <line number="44" hits="2" branch="True" condition-coverage="50% (1/2)">
              <conditions>
                <condition number="325" type="jump" coverage="50%" />
              </conditions>
            </line>
            <line number="46" hits="2" branch="False" />
            <line number="48" hits="1" branch="False" />
            <line number="49" hits="1" branch="False" />
            <line number="50" hits="1" branch="False" />
            <line number="51" hits="1" branch="False" />
            <line number="52" hits="1" branch="False" />
            <line number="53" hits="1" branch="False" />
            <line number="54" hits="1" branch="True" condition-coverage="50% (1/2)">
              <conditions>
                <condition number="574" type="jump" coverage="50%" />
              </conditions>
            </line>
            <line number="55" hits="1" branch="True" condition-coverage="50% (1/2)">
              <conditions>
                <condition number="617" type="jump" coverage="50%" />
              </conditions>
            </line>
            <line number="56" hits="1" branch="False" />
            <line number="57" hits="1" branch="False" />
            <line number="59" hits="1" branch="False" />
          </lines>
        </class>
        <class name="ConnectorAPI.Sagas.JobProvisioningSaga" filename="Sagas\JobProvisioningSaga.cs" line-rate="1" branch-rate="1" complexity="1">
          <methods>
            <method name=".ctor" signature="(ConnectorAPI.Interfaces.Clients.IJobApiClient,Dapr.Client.DaprClient,Microsoft.Extensions.Logging.ILogger`1&lt;ConnectorAPI.Sagas.JobProvisioningSaga&gt;,System.Diagnostics.ActivitySource)" line-rate="1" branch-rate="1" complexity="1">
              <lines>
                <line number="17" hits="3" branch="False" />
                <line number="18" hits="3" branch="False" />
                <line number="19" hits="3" branch="False" />
                <line number="20" hits="3" branch="False" />
                <line number="21" hits="3" branch="False" />
                <line number="22" hits="3" branch="False" />
                <line number="23" hits="3" branch="False" />
                <line number="24" hits="3" branch="False" />
                <line number="25" hits="3" branch="False" />
                <line number="26" hits="3" branch="False" />
                <line number="27" hits="3" branch="False" />
              </lines>
            </method>
          </methods>
          <lines>
            <line number="17" hits="3" branch="False" />
            <line number="18" hits="3" branch="False" />
            <line number="19" hits="3" branch="False" />
            <line number="20" hits="3" branch="False" />
            <line number="21" hits="3" branch="False" />
            <line number="22" hits="3" branch="False" />
            <line number="23" hits="3" branch="False" />
            <line number="24" hits="3" branch="False" />
            <line number="25" hits="3" branch="False" />
            <line number="26" hits="3" branch="False" />
            <line number="27" hits="3" branch="False" />
          </lines>
        </class>
        <class name="ConnectorAPI.Sagas.JobProvisioningSaga/&lt;HandleAsync&gt;d__5" filename="Sagas\JobProvisioningSaga.cs" line-rate="1" branch-rate="0.5" complexity="10">
          <methods>
            <method name="MoveNext" signature="()" line-rate="1" branch-rate="0.5" complexity="10">
              <lines>
                <line number="32" hits="3" branch="False" />
                <line number="33" hits="3" branch="False" />
                <line number="34" hits="3" branch="True" condition-coverage="50% (1/2)">
                  <conditions>
                    <condition number="60" type="jump" coverage="50%" />
                  </conditions>
                </line>
                <line number="35" hits="3" branch="True" condition-coverage="50% (1/2)">
                  <conditions>
                    <condition number="104" type="jump" coverage="50%" />
                  </conditions>
                </line>
                <line number="36" hits="3" branch="True" condition-coverage="50% (1/2)">
                  <conditions>
                    <condition number="148" type="jump" coverage="50%" />
                  </conditions>
                </line>
                <line number="39" hits="3" branch="False" />
                <line number="40" hits="3" branch="False" />
                <line number="41" hits="3" branch="False" />
                <line number="42" hits="3" branch="False" />
                <line number="45" hits="3" branch="False" />
                <line number="46" hits="3" branch="False" />
                <line number="47" hits="3" branch="False" />
                <line number="48" hits="3" branch="False" />
                <line number="49" hits="3" branch="False" />
                <line number="50" hits="3" branch="False" />
                <line number="51" hits="3" branch="False" />
                <line number="52" hits="2" branch="False" />
                <line number="54" hits="2" branch="False" />
                <line number="56" hits="2" branch="False" />
                <line number="57" hits="2" branch="False" />
                <line number="58" hits="2" branch="False" />
                <line number="59" hits="2" branch="False" />
                <line number="60" hits="2" branch="False" />
                <line number="61" hits="2" branch="False" />
                <line number="62" hits="2" branch="False" />
                <line number="63" hits="2" branch="False" />
                <line number="65" hits="2" branch="False" />
                <line number="66" hits="1" branch="False" />
                <line number="67" hits="1" branch="False" />
                <line number="69" hits="1" branch="False" />
                <line number="70" hits="1" branch="False" />
                <line number="71" hits="1" branch="False" />
                <line number="72" hits="1" branch="False" />
                <line number="73" hits="2" branch="False" />
                <line number="74" hits="2" branch="False" />
                <line number="75" hits="2" branch="True" condition-coverage="50% (1/2)">
                  <conditions>
                    <condition number="1042" type="jump" coverage="50%" />
                  </conditions>
                </line>
                <line number="76" hits="2" branch="True" condition-coverage="50% (1/2)">
                  <conditions>
                    <condition number="1085" type="jump" coverage="50%" />
                  </conditions>
                </line>
                <line number="77" hits="2" branch="False" />
                <line number="78" hits="2" branch="False" />
                <line number="80" hits="1" branch="False" />
              </lines>
            </method>
          </methods>
          <lines>
            <line number="32" hits="3" branch="False" />
            <line number="33" hits="3" branch="False" />
            <line number="34" hits="3" branch="True" condition-coverage="50% (1/2)">
              <conditions>
                <condition number="60" type="jump" coverage="50%" />
              </conditions>
            </line>
            <line number="35" hits="3" branch="True" condition-coverage="50% (1/2)">
              <conditions>
                <condition number="104" type="jump" coverage="50%" />
              </conditions>
            </line>
            <line number="36" hits="3" branch="True" condition-coverage="50% (1/2)">
              <conditions>
                <condition number="148" type="jump" coverage="50%" />
              </conditions>
            </line>
            <line number="39" hits="3" branch="False" />
            <line number="40" hits="3" branch="False" />
            <line number="41" hits="3" branch="False" />
            <line number="42" hits="3" branch="False" />
            <line number="45" hits="3" branch="False" />
            <line number="46" hits="3" branch="False" />
            <line number="47" hits="3" branch="False" />
            <line number="48" hits="3" branch="False" />
            <line number="49" hits="3" branch="False" />
            <line number="50" hits="3" branch="False" />
            <line number="51" hits="3" branch="False" />
            <line number="52" hits="2" branch="False" />
            <line number="54" hits="2" branch="False" />
            <line number="56" hits="2" branch="False" />
            <line number="57" hits="2" branch="False" />
            <line number="58" hits="2" branch="False" />
            <line number="59" hits="2" branch="False" />
            <line number="60" hits="2" branch="False" />
            <line number="61" hits="2" branch="False" />
            <line number="62" hits="2" branch="False" />
            <line number="63" hits="2" branch="False" />
            <line number="65" hits="2" branch="False" />
            <line number="66" hits="1" branch="False" />
            <line number="67" hits="1" branch="False" />
            <line number="69" hits="1" branch="False" />
            <line number="70" hits="1" branch="False" />
            <line number="71" hits="1" branch="False" />
            <line number="72" hits="1" branch="False" />
            <line number="73" hits="2" branch="False" />
            <line number="74" hits="2" branch="False" />
            <line number="75" hits="2" branch="True" condition-coverage="50% (1/2)">
              <conditions>
                <condition number="1042" type="jump" coverage="50%" />
              </conditions>
            </line>
            <line number="76" hits="2" branch="True" condition-coverage="50% (1/2)">
              <conditions>
                <condition number="1085" type="jump" coverage="50%" />
              </conditions>
            </line>
            <line number="77" hits="2" branch="False" />
            <line number="78" hits="2" branch="False" />
            <line number="80" hits="1" branch="False" />
          </lines>
        </class>
        <class name="ConnectorAPI.Sagas.UpdateCompanySaga" filename="Sagas\UpdateCompanySaga.cs" line-rate="1" branch-rate="1" complexity="1">
          <methods>
            <method name=".ctor" signature="(ConnectorAPI.Interfaces.Clients.IMonolithClient,ConnectorAPI.Interfaces.Clients.ICompanyApiClient,ConnectorAPI.Interfaces.Clients.IJobApiClient,Microsoft.Extensions.Logging.ILogger`1&lt;ConnectorAPI.Sagas.UpdateCompanySaga&gt;,System.Diagnostics.ActivitySource)" line-rate="1" branch-rate="1" complexity="1">
              <lines>
                <line number="18" hits="3" branch="False" />
                <line number="19" hits="3" branch="False" />
                <line number="20" hits="3" branch="False" />
                <line number="21" hits="3" branch="False" />
                <line number="22" hits="3" branch="False" />
                <line number="23" hits="3" branch="False" />
                <line number="24" hits="3" branch="False" />
                <line number="25" hits="3" branch="False" />
                <line number="26" hits="3" branch="False" />
                <line number="27" hits="3" branch="False" />
                <line number="28" hits="3" branch="False" />
                <line number="29" hits="3" branch="False" />
              </lines>
            </method>
          </methods>
          <lines>
            <line number="18" hits="3" branch="False" />
            <line number="19" hits="3" branch="False" />
            <line number="20" hits="3" branch="False" />
            <line number="21" hits="3" branch="False" />
            <line number="22" hits="3" branch="False" />
            <line number="23" hits="3" branch="False" />
            <line number="24" hits="3" branch="False" />
            <line number="25" hits="3" branch="False" />
            <line number="26" hits="3" branch="False" />
            <line number="27" hits="3" branch="False" />
            <line number="28" hits="3" branch="False" />
            <line number="29" hits="3" branch="False" />
          </lines>
        </class>
        <class name="ConnectorAPI.Sagas.UpdateCompanySaga/&lt;HandleAsync&gt;d__6" filename="Sagas\UpdateCompanySaga.cs" line-rate="1" branch-rate="0.5" complexity="8">
          <methods>
            <method name="MoveNext" signature="()" line-rate="1" branch-rate="0.5" complexity="8">
              <lines>
                <line number="34" hits="3" branch="False" />
                <line number="35" hits="3" branch="False" />
                <line number="36" hits="3" branch="True" condition-coverage="50% (1/2)">
                  <conditions>
                    <condition number="60" type="jump" coverage="50%" />
                  </conditions>
                </line>
                <line number="37" hits="3" branch="True" condition-coverage="50% (1/2)">
                  <conditions>
                    <condition number="104" type="jump" coverage="50%" />
                  </conditions>
                </line>
                <line number="40" hits="3" branch="False" />
                <line number="41" hits="3" branch="False" />
                <line number="42" hits="3" branch="False" />
                <line number="43" hits="3" branch="False" />
                <line number="47" hits="3" branch="False" />
                <line number="48" hits="3" branch="False" />
                <line number="49" hits="3" branch="False" />
                <line number="50" hits="3" branch="False" />
                <line number="51" hits="3" branch="False" />
                <line number="52" hits="3" branch="False" />
                <line number="54" hits="2" branch="False" />
                <line number="55" hits="2" branch="False" />
                <line number="57" hits="2" branch="False" />
                <line number="59" hits="2" branch="False" />
                <line number="60" hits="2" branch="False" />
                <line number="61" hits="2" branch="False" />
                <line number="62" hits="2" branch="False" />
                <line number="63" hits="2" branch="False" />
                <line number="64" hits="2" branch="False" />
                <line number="65" hits="2" branch="False" />
                <line number="66" hits="2" branch="False" />
                <line number="67" hits="2" branch="False" />
                <line number="68" hits="1" branch="False" />
                <line number="70" hits="1" branch="False" />
                <line number="71" hits="1" branch="False" />
                <line number="72" hits="1" branch="False" />
                <line number="73" hits="1" branch="False" />
                <line number="74" hits="2" branch="False" />
                <line number="75" hits="2" branch="False" />
                <line number="76" hits="2" branch="True" condition-coverage="50% (1/2)">
                  <conditions>
                    <condition number="955" type="jump" coverage="50%" />
                  </conditions>
                </line>
                <line number="77" hits="2" branch="True" condition-coverage="50% (1/2)">
                  <conditions>
                    <condition number="998" type="jump" coverage="50%" />
                  </conditions>
                </line>
                <line number="78" hits="2" branch="False" />
                <line number="79" hits="2" branch="False" />
                <line number="81" hits="1" branch="False" />
              </lines>
            </method>
          </methods>
          <lines>
            <line number="34" hits="3" branch="False" />
            <line number="35" hits="3" branch="False" />
            <line number="36" hits="3" branch="True" condition-coverage="50% (1/2)">
              <conditions>
                <condition number="60" type="jump" coverage="50%" />
              </conditions>
            </line>
            <line number="37" hits="3" branch="True" condition-coverage="50% (1/2)">
              <conditions>
                <condition number="104" type="jump" coverage="50%" />
              </conditions>
            </line>
            <line number="40" hits="3" branch="False" />
            <line number="41" hits="3" branch="False" />
            <line number="42" hits="3" branch="False" />
            <line number="43" hits="3" branch="False" />
            <line number="47" hits="3" branch="False" />
            <line number="48" hits="3" branch="False" />
            <line number="49" hits="3" branch="False" />
            <line number="50" hits="3" branch="False" />
            <line number="51" hits="3" branch="False" />
            <line number="52" hits="3" branch="False" />
            <line number="54" hits="2" branch="False" />
            <line number="55" hits="2" branch="False" />
            <line number="57" hits="2" branch="False" />
            <line number="59" hits="2" branch="False" />
            <line number="60" hits="2" branch="False" />
            <line number="61" hits="2" branch="False" />
            <line number="62" hits="2" branch="False" />
            <line number="63" hits="2" branch="False" />
            <line number="64" hits="2" branch="False" />
            <line number="65" hits="2" branch="False" />
            <line number="66" hits="2" branch="False" />
            <line number="67" hits="2" branch="False" />
            <line number="68" hits="1" branch="False" />
            <line number="70" hits="1" branch="False" />
            <line number="71" hits="1" branch="False" />
            <line number="72" hits="1" branch="False" />
            <line number="73" hits="1" branch="False" />
            <line number="74" hits="2" branch="False" />
            <line number="75" hits="2" branch="False" />
            <line number="76" hits="2" branch="True" condition-coverage="50% (1/2)">
              <conditions>
                <condition number="955" type="jump" coverage="50%" />
              </conditions>
            </line>
            <line number="77" hits="2" branch="True" condition-coverage="50% (1/2)">
              <conditions>
                <condition number="998" type="jump" coverage="50%" />
              </conditions>
            </line>
            <line number="78" hits="2" branch="False" />
            <line number="79" hits="2" branch="False" />
            <line number="81" hits="1" branch="False" />
          </lines>
        </class>
        <class name="ConnectorAPI.Models.EventDto`1" filename="Models\EventDto.cs" line-rate="1" branch-rate="1" complexity="6">
          <methods>
            <method name="get_UserId" signature="()" line-rate="1" branch-rate="1" complexity="1">
              <lines>
                <line number="5" hits="106" branch="False" />
              </lines>
            </method>
            <method name="get_Data" signature="()" line-rate="1" branch-rate="1" complexity="1">
              <lines>
                <line number="6" hits="284" branch="False" />
              </lines>
            </method>
            <method name="get_Created" signature="()" line-rate="1" branch-rate="1" complexity="1">
              <lines>
                <line number="7" hits="91" branch="False" />
              </lines>
            </method>
            <method name="get_IdempotencyKey" signature="()" line-rate="1" branch-rate="1" complexity="1">
              <lines>
                <line number="8" hits="96" branch="False" />
              </lines>
            </method>
            <method name="get_EventType" signature="()" line-rate="1" branch-rate="1" complexity="1">
              <lines>
                <line number="9" hits="87" branch="False" />
              </lines>
            </method>
            <method name=".ctor" signature="(System.String,System.String,T)" line-rate="1" branch-rate="1" complexity="1">
              <lines>
                <line number="3" hits="87" branch="False" />
              </lines>
            </method>
          </methods>
          <lines>
            <line number="5" hits="106" branch="False" />
            <line number="6" hits="284" branch="False" />
            <line number="7" hits="91" branch="False" />
            <line number="8" hits="96" branch="False" />
            <line number="9" hits="87" branch="False" />
            <line number="3" hits="87" branch="False" />
          </lines>
        </class>
        <class name="ConnectorAPI.Models.JobCreated.JobCreatedJobApiPayload" filename="Models\JobCreated\JobCreatedJobApiPayload.cs" line-rate="1" branch-rate="1" complexity="9">
          <methods>
            <method name="get_UId" signature="()" line-rate="1" branch-rate="1" complexity="1">
              <lines>
                <line number="13" hits="6" branch="False" />
              </lines>
            </method>
            <method name="get_Title" signature="()" line-rate="1" branch-rate="1" complexity="1">
              <lines>
                <line number="14" hits="7" branch="False" />
              </lines>
            </method>
            <method name="get_CompanyUId" signature="()" line-rate="1" branch-rate="1" complexity="1">
              <lines>
                <line number="15" hits="7" branch="False" />
              </lines>
            </method>
            <method name="get_Location" signature="()" line-rate="1" branch-rate="1" complexity="1">
              <lines>
                <line number="16" hits="7" branch="False" />
              </lines>
            </method>
            <method name="get_JobType" signature="()" line-rate="1" branch-rate="1" complexity="1">
              <lines>
                <line number="17" hits="7" branch="False" />
              </lines>
            </method>
            <method name="get_AboutRole" signature="()" line-rate="1" branch-rate="1" complexity="1">
              <lines>
                <line number="18" hits="6" branch="False" />
              </lines>
            </method>
            <method name="get_SalaryRange" signature="()" line-rate="1" branch-rate="1" complexity="1">
              <lines>
                <line number="19" hits="6" branch="False" />
              </lines>
            </method>
            <method name="get_Responsibilities" signature="()" line-rate="1" branch-rate="1" complexity="1">
              <lines>
                <line number="20" hits="11" branch="False" />
              </lines>
            </method>
            <method name="get_Qualifications" signature="()" line-rate="1" branch-rate="1" complexity="1">
              <lines>
                <line number="21" hits="11" branch="False" />
              </lines>
            </method>
          </methods>
          <lines>
            <line number="13" hits="6" branch="False" />
            <line number="14" hits="7" branch="False" />
            <line number="15" hits="7" branch="False" />
            <line number="16" hits="7" branch="False" />
            <line number="17" hits="7" branch="False" />
            <line number="18" hits="6" branch="False" />
            <line number="19" hits="6" branch="False" />
            <line number="20" hits="11" branch="False" />
            <line number="21" hits="11" branch="False" />
          </lines>
        </class>
        <class name="ConnectorAPI.Models.JobCreated.JobApiResponse" filename="Models\JobCreated\JobPublishedPayload.cs" line-rate="0.7142000000000001" branch-rate="1" complexity="14">
          <methods>
            <method name="get_UId" signature="()" line-rate="1" branch-rate="1" complexity="1">
              <lines>
                <line number="5" hits="6" branch="False" />
              </lines>
            </method>
            <method name="get_Title" signature="()" line-rate="1" branch-rate="1" complexity="1">
              <lines>
                <line number="6" hits="6" branch="False" />
              </lines>
            </method>
            <method name="get_CompanyUId" signature="()" line-rate="1" branch-rate="1" complexity="1">
              <lines>
                <line number="7" hits="3" branch="False" />
              </lines>
            </method>
            <method name="get_CompanyName" signature="()" line-rate="1" branch-rate="1" complexity="1">
              <lines>
                <line number="8" hits="3" branch="False" />
              </lines>
            </method>
            <method name="get_Location" signature="()" line-rate="1" branch-rate="1" complexity="1">
              <lines>
                <line number="9" hits="6" branch="False" />
              </lines>
            </method>
            <method name="get_JobType" signature="()" line-rate="1" branch-rate="1" complexity="1">
              <lines>
                <line number="10" hits="6" branch="False" />
              </lines>
            </method>
            <method name="get_AboutRole" signature="()" line-rate="1" branch-rate="1" complexity="1">
              <lines>
                <line number="11" hits="6" branch="False" />
              </lines>
            </method>
            <method name="get_SalaryRange" signature="()" line-rate="0" branch-rate="1" complexity="1">
              <lines>
                <line number="12" hits="0" branch="False" />
              </lines>
            </method>
            <method name="get_Responsibilities" signature="()" line-rate="1" branch-rate="1" complexity="1">
              <lines>
                <line number="13" hits="3" branch="False" />
              </lines>
            </method>
            <method name="get_Qualifications" signature="()" line-rate="1" branch-rate="1" complexity="1">
              <lines>
                <line number="14" hits="3" branch="False" />
              </lines>
            </method>
            <method name="get_CreatedAt" signature="()" line-rate="0" branch-rate="1" complexity="1">
              <lines>
                <line number="15" hits="0" branch="False" />
              </lines>
            </method>
            <method name="get_UpdatedAt" signature="()" line-rate="0" branch-rate="1" complexity="1">
              <lines>
                <line number="16" hits="0" branch="False" />
              </lines>
            </method>
            <method name="get_DraftId" signature="()" line-rate="1" branch-rate="1" complexity="1">
              <lines>
                <line number="17" hits="3" branch="False" />
              </lines>
            </method>
            <method name="get_DeleteDraft" signature="()" line-rate="0" branch-rate="1" complexity="1">
              <lines>
                <line number="18" hits="0" branch="False" />
              </lines>
            </method>
          </methods>
          <lines>
            <line number="5" hits="6" branch="False" />
            <line number="6" hits="6" branch="False" />
            <line number="7" hits="3" branch="False" />
            <line number="8" hits="3" branch="False" />
            <line number="9" hits="6" branch="False" />
            <line number="10" hits="6" branch="False" />
            <line number="11" hits="6" branch="False" />
            <line number="12" hits="0" branch="False" />
            <line number="13" hits="3" branch="False" />
[...]
        </class>
        <class name="ConnectorAPI.Endpoints.Draft.DraftSavedEndpoint/&lt;&gt;c/&lt;&lt;MapDraftSavedEndpoint&gt;b__0_0&gt;d" filename="Endpoints\Draft\DraftSavedEndpoint.cs" line-rate="1" branch-rate="0" complexity="22">
          <methods />
          <lines />
        </class>
        <class name="ConnectorAPI.Endpoints.Company.CompanyCreatedEndpoint" filename="Endpoints\Company\CompanyCreatedEndpoint.cs" line-rate="0" branch-rate="1" complexity="1">
          <methods>
            <method name="MapCompanyCreatedEndpoint" signature="(Microsoft.AspNetCore.Builder.WebApplication)" line-rate="0" branch-rate="1" complexity="1">
              <lines>
                <line number="14" hits="0" branch="False" />
                <line number="15" hits="0" branch="False" />
                <line number="16" hits="0" branch="False" />
                <line number="17" hits="0" branch="False" />
                <line number="18" hits="0" branch="False" />
                <line number="19" hits="0" branch="False" />
                <line number="20" hits="0" branch="False" />
                <line number="21" hits="0" branch="False" />
                <line number="22" hits="0" branch="False" />
                <line number="23" hits="0" branch="False" />
                <line number="24" hits="0" branch="False" />
                <line number="25" hits="0" branch="False" />
                <line number="26" hits="0" branch="False" />
                <line number="27" hits="0" branch="False" />
                <line number="28" hits="0" branch="False" />
                <line number="29" hits="0" branch="False" />
                <line number="30" hits="0" branch="False" />
                <line number="31" hits="0" branch="False" />
                <line number="32" hits="0" branch="False" />
                <line number="33" hits="0" branch="False" />
                <line number="34" hits="0" branch="False" />
                <line number="35" hits="0" branch="False" />
                <line number="36" hits="0" branch="False" />
                <line number="37" hits="0" branch="False" />
                <line number="38" hits="0" branch="False" />
                <line number="39" hits="0" branch="False" />
                <line number="40" hits="0" branch="False" />
                <line number="41" hits="0" branch="False" />
                <line number="42" hits="0" branch="False" />
                <line number="43" hits="0" branch="False" />
                <line number="44" hits="0" branch="False" />
                <line number="45" hits="0" branch="False" />
                <line number="46" hits="0" branch="False" />
                <line number="47" hits="0" branch="False" />
                <line number="48" hits="0" branch="False" />
                <line number="49" hits="0" branch="False" />
                <line number="50" hits="0" branch="False" />
                <line number="51" hits="0" branch="False" />
                <line number="52" hits="0" branch="False" />
                <line number="53" hits="0" branch="False" />
                <line number="54" hits="0" branch="False" />
                <line number="55" hits="0" branch="False" />
                <line number="56" hits="0" branch="False" />
                <line number="57" hits="0" branch="False" />
                <line number="58" hits="0" branch="False" />
                <line number="59" hits="0" branch="False" />
                <line number="60" hits="0" branch="False" />
                <line number="61" hits="0" branch="False" />
                <line number="62" hits="0" branch="False" />
                <line number="63" hits="0" branch="False" />
                <line number="64" hits="0" branch="False" />
                <line number="65" hits="0" branch="False" />
                <line number="66" hits="0" branch="False" />
                <line number="67" hits="0" branch="False" />
                <line number="68" hits="0" branch="False" />
                <line number="69" hits="0" branch="False" />
                <line number="70" hits="0" branch="False" />
                <line number="71" hits="0" branch="False" />
                <line number="72" hits="0" branch="False" />
                <line number="73" hits="0" branch="False" />
                <line number="74" hits="0" branch="False" />
                <line number="75" hits="0" branch="False" />
                <line number="76" hits="0" branch="False" />
                <line number="77" hits="0" branch="False" />
                <line number="78" hits="0" branch="False" />
                <line number="79" hits="0" branch="False" />
                <line number="80" hits="0" branch="False" />
                <line number="81" hits="0" branch="False" />
                <line number="82" hits="0" branch="False" />
                <line number="83" hits="0" branch="False" />
                <line number="84" hits="0" branch="False" />
                <line number="85" hits="0" branch="False" />
                <line number="86" hits="0" branch="False" />
                <line number="87" hits="0" branch="False" />
                <line number="88" hits="0" branch="False" />
                <line number="90" hits="0" branch="False" />
                <line number="91" hits="0" branch="False" />
              </lines>
            </method>
          </methods>
          <lines>
            <line number="14" hits="0" branch="False" />
            <line number="15" hits="0" branch="False" />
            <line number="16" hits="0" branch="False" />
            <line number="17" hits="0" branch="False" />
            <line number="18" hits="0" branch="False" />
            <line number="19" hits="0" branch="False" />
            <line number="20" hits="0" branch="False" />
            <line number="21" hits="0" branch="False" />
            <line number="22" hits="0" branch="False" />
            <line number="23" hits="0" branch="False" />
            <line number="24" hits="0" branch="False" />
            <line number="25" hits="0" branch="False" />
            <line number="26" hits="0" branch="False" />
            <line number="27" hits="0" branch="False" />
            <line number="28" hits="0" branch="False" />
            <line number="29" hits="0" branch="False" />
            <line number="30" hits="0" branch="False" />
            <line number="31" hits="0" branch="False" />
            <line number="32" hits="0" branch="False" />
            <line number="33" hits="0" branch="False" />
            <line number="34" hits="0" branch="False" />
            <line number="35" hits="0" branch="False" />
            <line number="36" hits="0" branch="False" />
            <line number="37" hits="0" branch="False" />
            <line number="38" hits="0" branch="False" />
            <line number="39" hits="0" branch="False" />
            <line number="40" hits="0" branch="False" />
            <line number="41" hits="0" branch="False" />
            <line number="42" hits="0" branch="False" />
            <line number="43" hits="0" branch="False" />
            <line number="44" hits="0" branch="False" />
            <line number="45" hits="0" branch="False" />
            <line number="46" hits="0" branch="False" />
            <line number="47" hits="0" branch="False" />
            <line number="48" hits="0" branch="False" />
            <line number="49" hits="0" branch="False" />
            <line number="50" hits="0" branch="False" />
            <line number="51" hits="0" branch="False" />
            <line number="52" hits="0" branch="False" />
            <line number="53" hits="0" branch="False" />
            <line number="54" hits="0" branch="False" />
            <line number="55" hits="0" branch="False" />
            <line number="56" hits="0" branch="False" />
            <line number="57" hits="0" branch="False" />
            <line number="58" hits="0" branch="False" />
            <line number="59" hits="0" branch="False" />
            <line number="60" hits="0" branch="False" />
            <line number="61" hits="0" branch="False" />
            <line number="62" hits="0" branch="False" />
            <line number="63" hits="0" branch="False" />
            <line number="64" hits="0" branch="False" />
            <line number="65" hits="0" branch="False" />
            <line number="66" hits="0" branch="False" />
            <line number="67" hits="0" branch="False" />
            <line number="68" hits="0" branch="False" />
            <line number="69" hits="0" branch="False" />
            <line number="70" hits="0" branch="False" />
            <line number="71" hits="0" branch="False" />
            <line number="72" hits="0" branch="False" />
            <line number="73" hits="0" branch="False" />
            <line number="74" hits="0" branch="False" />
            <line number="75" hits="0" branch="False" />
            <line number="76" hits="0" branch="False" />
            <line number="77" hits="0" branch="False" />
            <line number="78" hits="0" branch="False" />
            <line number="79" hits="0" branch="False" />
            <line number="80" hits="0" branch="False" />
            <line number="81" hits="0" branch="False" />
            <line number="82" hits="0" branch="False" />
            <line number="83" hits="0" branch="False" />
            <line number="84" hits="0" branch="False" />
            <line number="85" hits="0" branch="False" />
            <line number="86" hits="0" branch="False" />
            <line number="87" hits="0" branch="False" />
            <line number="88" hits="0" branch="False" />
            <line number="90" hits="0" branch="False" />
            <line number="91" hits="0" branch="False" />
          </lines>
        </class>
        <class name="ConnectorAPI.Endpoints.Company.CompanyCreatedEndpoint/&lt;&gt;c/&lt;&lt;MapCompanyCreatedEndpoint&gt;b__0_0&gt;d" filename="Endpoints\Company\CompanyCreatedEndpoint.cs" line-rate="1" branch-rate="0" complexity="22">
          <methods />
          <lines />
        </class>
        <class name="ConnectorAPI.Endpoints.Company.CompanyUpdatedEndpoint" filename="Endpoints\Company\CompanyUpdatedEndpoint.cs" line-rate="0" branch-rate="1" complexity="1">
          <methods>
            <method name="MapCompanyUpdatedEndpoint" signature="(Microsoft.AspNetCore.Builder.WebApplication)" line-rate="0" branch-rate="1" complexity="1">
              <lines>
                <line number="14" hits="0" branch="False" />
                <line number="15" hits="0" branch="False" />
                <line number="16" hits="0" branch="False" />
                <line number="17" hits="0" branch="False" />
                <line number="18" hits="0" branch="False" />
                <line number="19" hits="0" branch="False" />
                <line number="20" hits="0" branch="False" />
                <line number="21" hits="0" branch="False" />
                <line number="22" hits="0" branch="False" />
                <line number="23" hits="0" branch="False" />
                <line number="24" hits="0" branch="False" />
                <line number="25" hits="0" branch="False" />
                <line number="26" hits="0" branch="False" />
                <line number="27" hits="0" branch="False" />
                <line number="28" hits="0" branch="False" />
                <line number="29" hits="0" branch="False" />
                <line number="30" hits="0" branch="False" />
                <line number="31" hits="0" branch="False" />
                <line number="32" hits="0" branch="False" />
                <line number="33" hits="0" branch="False" />
                <line number="34" hits="0" branch="False" />
                <line number="35" hits="0" branch="False" />
                <line number="36" hits="0" branch="False" />
                <line number="37" hits="0" branch="False" />
                <line number="38" hits="0" branch="False" />
                <line number="39" hits="0" branch="False" />
                <line number="40" hits="0" branch="False" />
                <line number="41" hits="0" branch="False" />
                <line number="42" hits="0" branch="False" />
                <line number="43" hits="0" branch="False" />
                <line number="44" hits="0" branch="False" />
                <line number="45" hits="0" branch="False" />
                <line number="46" hits="0" branch="False" />
                <line number="47" hits="0" branch="False" />
                <line number="48" hits="0" branch="False" />
                <line number="49" hits="0" branch="False" />
                <line number="50" hits="0" branch="False" />
                <line number="51" hits="0" branch="False" />
                <line number="52" hits="0" branch="False" />
                <line number="53" hits="0" branch="False" />
                <line number="54" hits="0" branch="False" />
                <line number="55" hits="0" branch="False" />
                <line number="56" hits="0" branch="False" />
                <line number="57" hits="0" branch="False" />
                <line number="58" hits="0" branch="False" />
                <line number="59" hits="0" branch="False" />
                <line number="60" hits="0" branch="False" />
                <line number="61" hits="0" branch="False" />
                <line number="62" hits="0" branch="False" />
                <line number="63" hits="0" branch="False" />
                <line number="64" hits="0" branch="False" />
                <line number="65" hits="0" branch="False" />
                <line number="66" hits="0" branch="False" />
                <line number="67" hits="0" branch="False" />
                <line number="68" hits="0" branch="False" />
                <line number="69" hits="0" branch="False" />
                <line number="70" hits="0" branch="False" />
                <line number="71" hits="0" branch="False" />
                <line number="72" hits="0" branch="False" />
                <line number="73" hits="0" branch="False" />
                <line number="74" hits="0" branch="False" />
                <line number="75" hits="0" branch="False" />
                <line number="76" hits="0" branch="False" />
                <line number="77" hits="0" branch="False" />
                <line number="78" hits="0" branch="False" />
                <line number="79" hits="0" branch="False" />
                <line number="80" hits="0" branch="False" />
                <line number="81" hits="0" branch="False" />
                <line number="82" hits="0" branch="False" />
                <line number="83" hits="0" branch="False" />
                <line number="84" hits="0" branch="False" />
                <line number="85" hits="0" branch="False" />
                <line number="86" hits="0" branch="False" />
                <line number="87" hits="0" branch="False" />
                <line number="89" hits="0" branch="False" />
                <line number="90" hits="0" branch="False" />
              </lines>
            </method>
          </methods>
          <lines>
            <line number="14" hits="0" branch="False" />
            <line number="15" hits="0" branch="False" />
            <line number="16" hits="0" branch="False" />
            <line number="17" hits="0" branch="False" />
            <line number="18" hits="0" branch="False" />
            <line number="19" hits="0" branch="False" />
            <line number="20" hits="0" branch="False" />
            <line number="21" hits="0" branch="False" />
            <line number="22" hits="0" branch="False" />
            <line number="23" hits="0" branch="False" />
            <line number="24" hits="0" branch="False" />
            <line number="25" hits="0" branch="False" />
            <line number="26" hits="0" branch="False" />
            <line number="27" hits="0" branch="False" />
            <line number="28" hits="0" branch="False" />
            <line number="29" hits="0" branch="False" />
            <line number="30" hits="0" branch="False" />
            <line number="31" hits="0" branch="False" />
            <line number="32" hits="0" branch="False" />
            <line number="33" hits="0" branch="False" />
            <line number="34" hits="0" branch="False" />
            <line number="35" hits="0" branch="False" />
            <line number="36" hits="0" branch="False" />
            <line number="37" hits="0" branch="False" />
            <line number="38" hits="0" branch="False" />
            <line number="39" hits="0" branch="False" />
            <line number="40" hits="0" branch="False" />
            <line number="41" hits="0" branch="False" />
            <line number="42" hits="0" branch="False" />
            <line number="43" hits="0" branch="False" />
            <line number="44" hits="0" branch="False" />
            <line number="45" hits="0" branch="False" />
            <line number="46" hits="0" branch="False" />
            <line number="47" hits="0" branch="False" />
            <line number="48" hits="0" branch="False" />
            <line number="49" hits="0" branch="False" />
            <line number="50" hits="0" branch="False" />
            <line number="51" hits="0" branch="False" />
            <line number="52" hits="0" branch="False" />
            <line number="53" hits="0" branch="False" />
            <line number="54" hits="0" branch="False" />
            <line number="55" hits="0" branch="False" />
            <line number="56" hits="0" branch="False" />
            <line number="57" hits="0" branch="False" />
            <line number="58" hits="0" branch="False" />
            <line number="59" hits="0" branch="False" />
            <line number="60" hits="0" branch="False" />
            <line number="61" hits="0" branch="False" />
            <line number="62" hits="0" branch="False" />
            <line number="63" hits="0" branch="False" />
            <line number="64" hits="0" branch="False" />
            <line number="65" hits="0" branch="False" />
            <line number="66" hits="0" branch="False" />
            <line number="67" hits="0" branch="False" />
            <line number="68" hits="0" branch="False" />
            <line number="69" hits="0" branch="False" />
            <line number="70" hits="0" branch="False" />
            <line number="71" hits="0" branch="False" />
            <line number="72" hits="0" branch="False" />
            <line number="73" hits="0" branch="False" />
            <line number="74" hits="0" branch="False" />
            <line number="75" hits="0" branch="False" />
            <line number="76" hits="0" branch="False" />
            <line number="77" hits="0" branch="False" />
            <line number="78" hits="0" branch="False" />
            <line number="79" hits="0" branch="False" />
            <line number="80" hits="0" branch="False" />
            <line number="81" hits="0" branch="False" />
            <line number="82" hits="0" branch="False" />
            <line number="83" hits="0" branch="False" />
            <line number="84" hits="0" branch="False" />
            <line number="85" hits="0" branch="False" />
            <line number="86" hits="0" branch="False" />
            <line number="87" hits="0" branch="False" />
            <line number="89" hits="0" branch="False" />
            <line number="90" hits="0" branch="False" />
          </lines>
        </class>
        <class name="ConnectorAPI.Endpoints.Company.CompanyUpdatedEndpoint/&lt;&gt;c/&lt;&lt;MapCompanyUpdatedEndpoint&gt;b__0_0&gt;d" filename="Endpoints\Company\CompanyUpdatedEndpoint.cs" line-rate="1" branch-rate="0" complexity="20">
          <methods />
          <lines />
        </class>
      </classes>
    </package>
  </packages>
</coverage>